<?xml version="1.0" encoding="UTF-8"?>
<testsuite xmlns:xsi="http://www.w3.org/2001/XMLSchema-instance" xsi:noNamespaceSchemaLocation="https://maven.apache.org/surefire/maven-surefire-plugin/xsd/surefire-test-report.xsd" name="edu.ecu.cs.seng6285.restfulbots.RestfulBotsApplicationTests" time="3.818" tests="1" errors="0" skipped="0" failures="0">
  <properties>
    <property name="java.specification.version" value="17"/>
    <property name="sun.jnu.encoding" value="UTF-8"/>
    <property name="java.class.path" value="/Users/steevoli/Desktop/homework-3-Lopezs20/target/test-classes:/Users/steevoli/Desktop/homework-3-Lopezs20/target/classes:/Users/steevoli/.m2/repository/org/springframework/boot/spring-boot-starter-data-rest/2.4.2/spring-boot-starter-data-rest-2.4.2.jar:/Users/steevoli/.m2/repository/org/springframework/data/spring-data-rest-webmvc/3.4.3/spring-data-rest-webmvc-3.4.3.jar:/Users/steevoli/.m2/repository/org/springframework/data/spring-data-rest-core/3.4.3/spring-data-rest-core-3.4.3.jar:/Users/steevoli/.m2/repository/org/springframework/spring-tx/5.3.3/spring-tx-5.3.3.jar:/Users/steevoli/.m2/repository/org/springframework/hateoas/spring-hateoas/1.2.3/spring-hateoas-1.2.3.jar:/Users/steevoli/.m2/repository/org/springframework/data/spring-data-commons/2.4.3/spring-data-commons-2.4.3.jar:/Users/steevoli/.m2/repository/org/springframework/plugin/spring-plugin-core/2.0.0.RELEASE/spring-plugin-core-2.0.0.RELEASE.jar:/Users/steevoli/.m2/repository/org/atteo/evo-inflector/1.2.2/evo-inflector-1.2.2.jar:/Users/steevoli/.m2/repository/com/fasterxml/jackson/core/jackson-databind/2.11.4/jackson-databind-2.11.4.jar:/Users/steevoli/.m2/repository/com/fasterxml/jackson/core/jackson-core/2.11.4/jackson-core-2.11.4.jar:/Users/steevoli/.m2/repository/com/fasterxml/jackson/core/jackson-annotations/2.11.4/jackson-annotations-2.11.4.jar:/Users/steevoli/.m2/repository/org/slf4j/slf4j-api/1.7.30/slf4j-api-1.7.30.jar:/Users/steevoli/.m2/repository/org/springframework/boot/spring-boot-starter-web/2.4.2/spring-boot-starter-web-2.4.2.jar:/Users/steevoli/.m2/repository/org/springframework/boot/spring-boot-starter/2.4.2/spring-boot-starter-2.4.2.jar:/Users/steevoli/.m2/repository/org/springframework/boot/spring-boot-starter-logging/2.4.2/spring-boot-starter-logging-2.4.2.jar:/Users/steevoli/.m2/repository/ch/qos/logback/logback-classic/1.2.3/logback-classic-1.2.3.jar:/Users/steevoli/.m2/repository/ch/qos/logback/logback-core/1.2.3/logback-core-1.2.3.jar:/Users/steevoli/.m2/repository/org/apache/logging/log4j/log4j-to-slf4j/2.13.3/log4j-to-slf4j-2.13.3.jar:/Users/steevoli/.m2/repository/org/apache/logging/log4j/log4j-api/2.13.3/log4j-api-2.13.3.jar:/Users/steevoli/.m2/repository/org/slf4j/jul-to-slf4j/1.7.30/jul-to-slf4j-1.7.30.jar:/Users/steevoli/.m2/repository/jakarta/annotation/jakarta.annotation-api/1.3.5/jakarta.annotation-api-1.3.5.jar:/Users/steevoli/.m2/repository/org/yaml/snakeyaml/1.27/snakeyaml-1.27.jar:/Users/steevoli/.m2/repository/org/springframework/boot/spring-boot-starter-json/2.4.2/spring-boot-starter-json-2.4.2.jar:/Users/steevoli/.m2/repository/com/fasterxml/jackson/datatype/jackson-datatype-jdk8/2.11.4/jackson-datatype-jdk8-2.11.4.jar:/Users/steevoli/.m2/repository/com/fasterxml/jackson/datatype/jackson-datatype-jsr310/2.11.4/jackson-datatype-jsr310-2.11.4.jar:/Users/steevoli/.m2/repository/com/fasterxml/jackson/module/jackson-module-parameter-names/2.11.4/jackson-module-parameter-names-2.11.4.jar:/Users/steevoli/.m2/repository/org/springframework/boot/spring-boot-starter-tomcat/2.4.2/spring-boot-starter-tomcat-2.4.2.jar:/Users/steevoli/.m2/repository/org/apache/tomcat/embed/tomcat-embed-core/9.0.41/tomcat-embed-core-9.0.41.jar:/Users/steevoli/.m2/repository/org/glassfish/jakarta.el/3.0.3/jakarta.el-3.0.3.jar:/Users/steevoli/.m2/repository/org/apache/tomcat/embed/tomcat-embed-websocket/9.0.41/tomcat-embed-websocket-9.0.41.jar:/Users/steevoli/.m2/repository/org/springframework/spring-web/5.3.3/spring-web-5.3.3.jar:/Users/steevoli/.m2/repository/org/springframework/spring-beans/5.3.3/spring-beans-5.3.3.jar:/Users/steevoli/.m2/repository/org/springframework/spring-webmvc/5.3.3/spring-webmvc-5.3.3.jar:/Users/steevoli/.m2/repository/org/springframework/spring-aop/5.3.3/spring-aop-5.3.3.jar:/Users/steevoli/.m2/repository/org/springframework/spring-context/5.3.3/spring-context-5.3.3.jar:/Users/steevoli/.m2/repository/org/springframework/spring-expression/5.3.3/spring-expression-5.3.3.jar:/Users/steevoli/.m2/repository/org/springframework/boot/spring-boot-starter-test/2.4.2/spring-boot-starter-test-2.4.2.jar:/Users/steevoli/.m2/repository/org/springframework/boot/spring-boot-test/2.4.2/spring-boot-test-2.4.2.jar:/Users/steevoli/.m2/repository/org/springframework/boot/spring-boot-test-autoconfigure/2.4.2/spring-boot-test-autoconfigure-2.4.2.jar:/Users/steevoli/.m2/repository/com/jayway/jsonpath/json-path/2.4.0/json-path-2.4.0.jar:/Users/steevoli/.m2/repository/net/minidev/json-smart/2.3/json-smart-2.3.jar:/Users/steevoli/.m2/repository/net/minidev/accessors-smart/1.2/accessors-smart-1.2.jar:/Users/steevoli/.m2/repository/org/ow2/asm/asm/5.0.4/asm-5.0.4.jar:/Users/steevoli/.m2/repository/jakarta/xml/bind/jakarta.xml.bind-api/2.3.3/jakarta.xml.bind-api-2.3.3.jar:/Users/steevoli/.m2/repository/jakarta/activation/jakarta.activation-api/1.2.2/jakarta.activation-api-1.2.2.jar:/Users/steevoli/.m2/repository/org/assertj/assertj-core/3.18.1/assertj-core-3.18.1.jar:/Users/steevoli/.m2/repository/org/hamcrest/hamcrest/2.2/hamcrest-2.2.jar:/Users/steevoli/.m2/repository/org/junit/jupiter/junit-jupiter/5.7.0/junit-jupiter-5.7.0.jar:/Users/steevoli/.m2/repository/org/junit/jupiter/junit-jupiter-api/5.7.0/junit-jupiter-api-5.7.0.jar:/Users/steevoli/.m2/repository/org/apiguardian/apiguardian-api/1.1.0/apiguardian-api-1.1.0.jar:/Users/steevoli/.m2/repository/org/opentest4j/opentest4j/1.2.0/opentest4j-1.2.0.jar:/Users/steevoli/.m2/repository/org/junit/platform/junit-platform-commons/1.7.0/junit-platform-commons-1.7.0.jar:/Users/steevoli/.m2/repository/org/junit/jupiter/junit-jupiter-params/5.7.0/junit-jupiter-params-5.7.0.jar:/Users/steevoli/.m2/repository/org/junit/jupiter/junit-jupiter-engine/5.7.0/junit-jupiter-engine-5.7.0.jar:/Users/steevoli/.m2/repository/org/junit/platform/junit-platform-engine/1.7.0/junit-platform-engine-1.7.0.jar:/Users/steevoli/.m2/repository/org/mockito/mockito-core/3.6.28/mockito-core-3.6.28.jar:/Users/steevoli/.m2/repository/net/bytebuddy/byte-buddy/1.10.19/byte-buddy-1.10.19.jar:/Users/steevoli/.m2/repository/net/bytebuddy/byte-buddy-agent/1.10.19/byte-buddy-agent-1.10.19.jar:/Users/steevoli/.m2/repository/org/objenesis/objenesis/3.1/objenesis-3.1.jar:/Users/steevoli/.m2/repository/org/mockito/mockito-junit-jupiter/3.6.28/mockito-junit-jupiter-3.6.28.jar:/Users/steevoli/.m2/repository/org/skyscreamer/jsonassert/1.5.0/jsonassert-1.5.0.jar:/Users/steevoli/.m2/repository/org/springframework/spring-core/5.3.3/spring-core-5.3.3.jar:/Users/steevoli/.m2/repository/org/springframework/spring-jcl/5.3.3/spring-jcl-5.3.3.jar:/Users/steevoli/.m2/repository/org/springframework/spring-test/5.3.3/spring-test-5.3.3.jar:/Users/steevoli/.m2/repository/org/xmlunit/xmlunit-core/2.7.0/xmlunit-core-2.7.0.jar:/Users/steevoli/.m2/repository/org/springframework/boot/spring-boot-devtools/2.4.2/spring-boot-devtools-2.4.2.jar:/Users/steevoli/.m2/repository/org/springframework/boot/spring-boot/2.4.2/spring-boot-2.4.2.jar:/Users/steevoli/.m2/repository/org/springframework/boot/spring-boot-autoconfigure/2.4.2/spring-boot-autoconfigure-2.4.2.jar:/Users/steevoli/.m2/repository/com/google/cloud/google-cloud-datastore/1.6.0/google-cloud-datastore-1.6.0.jar:/Users/steevoli/.m2/repository/com/google/cloud/google-cloud-core/1.6.0/google-cloud-core-1.6.0.jar:/Users/steevoli/.m2/repository/com/google/guava/guava/20.0/guava-20.0.jar:/Users/steevoli/.m2/repository/joda-time/joda-time/2.9.2/joda-time-2.9.2.jar:/Users/steevoli/.m2/repository/org/json/json/20160810/json-20160810.jar:/Users/steevoli/.m2/repository/com/google/http-client/google-http-client/1.22.0/google-http-client-1.22.0.jar:/Users/steevoli/.m2/repository/org/apache/httpcomponents/httpclient/4.5.13/httpclient-4.5.13.jar:/Users/steevoli/.m2/repository/org/apache/httpcomponents/httpcore/4.4.14/httpcore-4.4.14.jar:/Users/steevoli/.m2/repository/commons-codec/commons-codec/1.15/commons-codec-1.15.jar:/Users/steevoli/.m2/repository/com/google/code/findbugs/jsr305/3.0.0/jsr305-3.0.0.jar:/Users/steevoli/.m2/repository/com/google/api/api-common/1.1.0/api-common-1.1.0.jar:/Users/steevoli/.m2/repository/com/google/api/gax/1.8.1/gax-1.8.1.jar:/Users/steevoli/.m2/repository/com/google/auto/value/auto-value/1.2/auto-value-1.2.jar:/Users/steevoli/.m2/repository/org/threeten/threetenbp/1.3.3/threetenbp-1.3.3.jar:/Users/steevoli/.m2/repository/com/google/protobuf/protobuf-java-util/3.3.1/protobuf-java-util-3.3.1.jar:/Users/steevoli/.m2/repository/com/google/code/gson/gson/2.8.6/gson-2.8.6.jar:/Users/steevoli/.m2/repository/com/google/api/grpc/proto-google-common-protos/0.1.19/proto-google-common-protos-0.1.19.jar:/Users/steevoli/.m2/repository/com/google/api/grpc/proto-google-iam-v1/0.1.19/proto-google-iam-v1-0.1.19.jar:/Users/steevoli/.m2/repository/com/google/cloud/google-cloud-core-http/1.6.0/google-cloud-core-http-1.6.0.jar:/Users/steevoli/.m2/repository/com/google/auth/google-auth-library-credentials/0.8.0/google-auth-library-credentials-0.8.0.jar:/Users/steevoli/.m2/repository/com/google/auth/google-auth-library-oauth2-http/0.8.0/google-auth-library-oauth2-http-0.8.0.jar:/Users/steevoli/.m2/repository/com/google/oauth-client/google-oauth-client/1.22.0/google-oauth-client-1.22.0.jar:/Users/steevoli/.m2/repository/com/google/api-client/google-api-client/1.22.0/google-api-client-1.22.0.jar:/Users/steevoli/.m2/repository/com/google/http-client/google-http-client-appengine/1.22.0/google-http-client-appengine-1.22.0.jar:/Users/steevoli/.m2/repository/com/google/http-client/google-http-client-jackson/1.22.0/google-http-client-jackson-1.22.0.jar:/Users/steevoli/.m2/repository/org/codehaus/jackson/jackson-core-asl/1.9.11/jackson-core-asl-1.9.11.jar:/Users/steevoli/.m2/repository/com/google/http-client/google-http-client-jackson2/1.22.0/google-http-client-jackson2-1.22.0.jar:/Users/steevoli/.m2/repository/com/google/cloud/datastore/datastore-v1-protos/1.3.0/datastore-v1-protos-1.3.0.jar:/Users/steevoli/.m2/repository/com/google/protobuf/protobuf-java/3.0.0/protobuf-java-3.0.0.jar:/Users/steevoli/.m2/repository/com/google/cloud/datastore/datastore-v1-proto-client/1.3.0/datastore-v1-proto-client-1.3.0.jar:/Users/steevoli/.m2/repository/com/google/http-client/google-http-client-protobuf/1.20.0/google-http-client-protobuf-1.20.0.jar:/Users/steevoli/.m2/repository/com/google/api/grpc/grpc-google-common-protos/0.1.19/grpc-google-common-protos-0.1.19.jar:/Users/steevoli/.m2/repository/io/grpc/grpc-stub/1.6.1/grpc-stub-1.6.1.jar:/Users/steevoli/.m2/repository/io/grpc/grpc-core/1.6.1/grpc-core-1.6.1.jar:/Users/steevoli/.m2/repository/io/grpc/grpc-context/1.6.1/grpc-context-1.6.1.jar:/Users/steevoli/.m2/repository/com/google/errorprone/error_prone_annotations/2.0.19/error_prone_annotations-2.0.19.jar:/Users/steevoli/.m2/repository/com/google/instrumentation/instrumentation-api/0.4.3/instrumentation-api-0.4.3.jar:/Users/steevoli/.m2/repository/io/opencensus/opencensus-api/0.5.1/opencensus-api-0.5.1.jar:/Users/steevoli/.m2/repository/io/grpc/grpc-protobuf/1.6.1/grpc-protobuf-1.6.1.jar:/Users/steevoli/.m2/repository/io/grpc/grpc-protobuf-lite/1.6.1/grpc-protobuf-lite-1.6.1.jar:"/>
    <property name="java.vm.vendor" value="Homebrew"/>
    <property name="sun.arch.data.model" value="64"/>
    <property name="java.vendor.url" value="https://github.com/Homebrew/homebrew-core/issues"/>
    <property name="os.name" value="Mac OS X"/>
    <property name="java.vm.specification.version" value="17"/>
    <property name="sun.java.launcher" value="SUN_STANDARD"/>
    <property name="user.country" value="US"/>
    <property name="sun.boot.library.path" value="/usr/local/Cellar/openjdk/17.0.2/libexec/openjdk.jdk/Contents/Home/lib"/>
    <property name="sun.java.command" value="/Users/steevoli/Desktop/homework-3-Lopezs20/target/surefire/surefirebooter6609046520418265204.jar /Users/steevoli/Desktop/homework-3-Lopezs20/target/surefire 2022-03-29T23-31-52_716-jvmRun1 surefire12000197306650214101tmp surefire_04962153890338397961tmp"/>
    <property name="http.nonProxyHosts" value="local|*.local|169.254/16|*.169.254/16"/>
    <property name="jdk.debug" value="release"/>
    <property name="surefire.test.class.path" value="/Users/steevoli/Desktop/homework-3-Lopezs20/target/test-classes:/Users/steevoli/Desktop/homework-3-Lopezs20/target/classes:/Users/steevoli/.m2/repository/org/springframework/boot/spring-boot-starter-data-rest/2.4.2/spring-boot-starter-data-rest-2.4.2.jar:/Users/steevoli/.m2/repository/org/springframework/data/spring-data-rest-webmvc/3.4.3/spring-data-rest-webmvc-3.4.3.jar:/Users/steevoli/.m2/repository/org/springframework/data/spring-data-rest-core/3.4.3/spring-data-rest-core-3.4.3.jar:/Users/steevoli/.m2/repository/org/springframework/spring-tx/5.3.3/spring-tx-5.3.3.jar:/Users/steevoli/.m2/repository/org/springframework/hateoas/spring-hateoas/1.2.3/spring-hateoas-1.2.3.jar:/Users/steevoli/.m2/repository/org/springframework/data/spring-data-commons/2.4.3/spring-data-commons-2.4.3.jar:/Users/steevoli/.m2/repository/org/springframework/plugin/spring-plugin-core/2.0.0.RELEASE/spring-plugin-core-2.0.0.RELEASE.jar:/Users/steevoli/.m2/repository/org/atteo/evo-inflector/1.2.2/evo-inflector-1.2.2.jar:/Users/steevoli/.m2/repository/com/fasterxml/jackson/core/jackson-databind/2.11.4/jackson-databind-2.11.4.jar:/Users/steevoli/.m2/repository/com/fasterxml/jackson/core/jackson-core/2.11.4/jackson-core-2.11.4.jar:/Users/steevoli/.m2/repository/com/fasterxml/jackson/core/jackson-annotations/2.11.4/jackson-annotations-2.11.4.jar:/Users/steevoli/.m2/repository/org/slf4j/slf4j-api/1.7.30/slf4j-api-1.7.30.jar:/Users/steevoli/.m2/repository/org/springframework/boot/spring-boot-starter-web/2.4.2/spring-boot-starter-web-2.4.2.jar:/Users/steevoli/.m2/repository/org/springframework/boot/spring-boot-starter/2.4.2/spring-boot-starter-2.4.2.jar:/Users/steevoli/.m2/repository/org/springframework/boot/spring-boot-starter-logging/2.4.2/spring-boot-starter-logging-2.4.2.jar:/Users/steevoli/.m2/repository/ch/qos/logback/logback-classic/1.2.3/logback-classic-1.2.3.jar:/Users/steevoli/.m2/repository/ch/qos/logback/logback-core/1.2.3/logback-core-1.2.3.jar:/Users/steevoli/.m2/repository/org/apache/logging/log4j/log4j-to-slf4j/2.13.3/log4j-to-slf4j-2.13.3.jar:/Users/steevoli/.m2/repository/org/apache/logging/log4j/log4j-api/2.13.3/log4j-api-2.13.3.jar:/Users/steevoli/.m2/repository/org/slf4j/jul-to-slf4j/1.7.30/jul-to-slf4j-1.7.30.jar:/Users/steevoli/.m2/repository/jakarta/annotation/jakarta.annotation-api/1.3.5/jakarta.annotation-api-1.3.5.jar:/Users/steevoli/.m2/repository/org/yaml/snakeyaml/1.27/snakeyaml-1.27.jar:/Users/steevoli/.m2/repository/org/springframework/boot/spring-boot-starter-json/2.4.2/spring-boot-starter-json-2.4.2.jar:/Users/steevoli/.m2/repository/com/fasterxml/jackson/datatype/jackson-datatype-jdk8/2.11.4/jackson-datatype-jdk8-2.11.4.jar:/Users/steevoli/.m2/repository/com/fasterxml/jackson/datatype/jackson-datatype-jsr310/2.11.4/jackson-datatype-jsr310-2.11.4.jar:/Users/steevoli/.m2/repository/com/fasterxml/jackson/module/jackson-module-parameter-names/2.11.4/jackson-module-parameter-names-2.11.4.jar:/Users/steevoli/.m2/repository/org/springframework/boot/spring-boot-starter-tomcat/2.4.2/spring-boot-starter-tomcat-2.4.2.jar:/Users/steevoli/.m2/repository/org/apache/tomcat/embed/tomcat-embed-core/9.0.41/tomcat-embed-core-9.0.41.jar:/Users/steevoli/.m2/repository/org/glassfish/jakarta.el/3.0.3/jakarta.el-3.0.3.jar:/Users/steevoli/.m2/repository/org/apache/tomcat/embed/tomcat-embed-websocket/9.0.41/tomcat-embed-websocket-9.0.41.jar:/Users/steevoli/.m2/repository/org/springframework/spring-web/5.3.3/spring-web-5.3.3.jar:/Users/steevoli/.m2/repository/org/springframework/spring-beans/5.3.3/spring-beans-5.3.3.jar:/Users/steevoli/.m2/repository/org/springframework/spring-webmvc/5.3.3/spring-webmvc-5.3.3.jar:/Users/steevoli/.m2/repository/org/springframework/spring-aop/5.3.3/spring-aop-5.3.3.jar:/Users/steevoli/.m2/repository/org/springframework/spring-context/5.3.3/spring-context-5.3.3.jar:/Users/steevoli/.m2/repository/org/springframework/spring-expression/5.3.3/spring-expression-5.3.3.jar:/Users/steevoli/.m2/repository/org/springframework/boot/spring-boot-starter-test/2.4.2/spring-boot-starter-test-2.4.2.jar:/Users/steevoli/.m2/repository/org/springframework/boot/spring-boot-test/2.4.2/spring-boot-test-2.4.2.jar:/Users/steevoli/.m2/repository/org/springframework/boot/spring-boot-test-autoconfigure/2.4.2/spring-boot-test-autoconfigure-2.4.2.jar:/Users/steevoli/.m2/repository/com/jayway/jsonpath/json-path/2.4.0/json-path-2.4.0.jar:/Users/steevoli/.m2/repository/net/minidev/json-smart/2.3/json-smart-2.3.jar:/Users/steevoli/.m2/repository/net/minidev/accessors-smart/1.2/accessors-smart-1.2.jar:/Users/steevoli/.m2/repository/org/ow2/asm/asm/5.0.4/asm-5.0.4.jar:/Users/steevoli/.m2/repository/jakarta/xml/bind/jakarta.xml.bind-api/2.3.3/jakarta.xml.bind-api-2.3.3.jar:/Users/steevoli/.m2/repository/jakarta/activation/jakarta.activation-api/1.2.2/jakarta.activation-api-1.2.2.jar:/Users/steevoli/.m2/repository/org/assertj/assertj-core/3.18.1/assertj-core-3.18.1.jar:/Users/steevoli/.m2/repository/org/hamcrest/hamcrest/2.2/hamcrest-2.2.jar:/Users/steevoli/.m2/repository/org/junit/jupiter/junit-jupiter/5.7.0/junit-jupiter-5.7.0.jar:/Users/steevoli/.m2/repository/org/junit/jupiter/junit-jupiter-api/5.7.0/junit-jupiter-api-5.7.0.jar:/Users/steevoli/.m2/repository/org/apiguardian/apiguardian-api/1.1.0/apiguardian-api-1.1.0.jar:/Users/steevoli/.m2/repository/org/opentest4j/opentest4j/1.2.0/opentest4j-1.2.0.jar:/Users/steevoli/.m2/repository/org/junit/platform/junit-platform-commons/1.7.0/junit-platform-commons-1.7.0.jar:/Users/steevoli/.m2/repository/org/junit/jupiter/junit-jupiter-params/5.7.0/junit-jupiter-params-5.7.0.jar:/Users/steevoli/.m2/repository/org/junit/jupiter/junit-jupiter-engine/5.7.0/junit-jupiter-engine-5.7.0.jar:/Users/steevoli/.m2/repository/org/junit/platform/junit-platform-engine/1.7.0/junit-platform-engine-1.7.0.jar:/Users/steevoli/.m2/repository/org/mockito/mockito-core/3.6.28/mockito-core-3.6.28.jar:/Users/steevoli/.m2/repository/net/bytebuddy/byte-buddy/1.10.19/byte-buddy-1.10.19.jar:/Users/steevoli/.m2/repository/net/bytebuddy/byte-buddy-agent/1.10.19/byte-buddy-agent-1.10.19.jar:/Users/steevoli/.m2/repository/org/objenesis/objenesis/3.1/objenesis-3.1.jar:/Users/steevoli/.m2/repository/org/mockito/mockito-junit-jupiter/3.6.28/mockito-junit-jupiter-3.6.28.jar:/Users/steevoli/.m2/repository/org/skyscreamer/jsonassert/1.5.0/jsonassert-1.5.0.jar:/Users/steevoli/.m2/repository/org/springframework/spring-core/5.3.3/spring-core-5.3.3.jar:/Users/steevoli/.m2/repository/org/springframework/spring-jcl/5.3.3/spring-jcl-5.3.3.jar:/Users/steevoli/.m2/repository/org/springframework/spring-test/5.3.3/spring-test-5.3.3.jar:/Users/steevoli/.m2/repository/org/xmlunit/xmlunit-core/2.7.0/xmlunit-core-2.7.0.jar:/Users/steevoli/.m2/repository/org/springframework/boot/spring-boot-devtools/2.4.2/spring-boot-devtools-2.4.2.jar:/Users/steevoli/.m2/repository/org/springframework/boot/spring-boot/2.4.2/spring-boot-2.4.2.jar:/Users/steevoli/.m2/repository/org/springframework/boot/spring-boot-autoconfigure/2.4.2/spring-boot-autoconfigure-2.4.2.jar:/Users/steevoli/.m2/repository/com/google/cloud/google-cloud-datastore/1.6.0/google-cloud-datastore-1.6.0.jar:/Users/steevoli/.m2/repository/com/google/cloud/google-cloud-core/1.6.0/google-cloud-core-1.6.0.jar:/Users/steevoli/.m2/repository/com/google/guava/guava/20.0/guava-20.0.jar:/Users/steevoli/.m2/repository/joda-time/joda-time/2.9.2/joda-time-2.9.2.jar:/Users/steevoli/.m2/repository/org/json/json/20160810/json-20160810.jar:/Users/steevoli/.m2/repository/com/google/http-client/google-http-client/1.22.0/google-http-client-1.22.0.jar:/Users/steevoli/.m2/repository/org/apache/httpcomponents/httpclient/4.5.13/httpclient-4.5.13.jar:/Users/steevoli/.m2/repository/org/apache/httpcomponents/httpcore/4.4.14/httpcore-4.4.14.jar:/Users/steevoli/.m2/repository/commons-codec/commons-codec/1.15/commons-codec-1.15.jar:/Users/steevoli/.m2/repository/com/google/code/findbugs/jsr305/3.0.0/jsr305-3.0.0.jar:/Users/steevoli/.m2/repository/com/google/api/api-common/1.1.0/api-common-1.1.0.jar:/Users/steevoli/.m2/repository/com/google/api/gax/1.8.1/gax-1.8.1.jar:/Users/steevoli/.m2/repository/com/google/auto/value/auto-value/1.2/auto-value-1.2.jar:/Users/steevoli/.m2/repository/org/threeten/threetenbp/1.3.3/threetenbp-1.3.3.jar:/Users/steevoli/.m2/repository/com/google/protobuf/protobuf-java-util/3.3.1/protobuf-java-util-3.3.1.jar:/Users/steevoli/.m2/repository/com/google/code/gson/gson/2.8.6/gson-2.8.6.jar:/Users/steevoli/.m2/repository/com/google/api/grpc/proto-google-common-protos/0.1.19/proto-google-common-protos-0.1.19.jar:/Users/steevoli/.m2/repository/com/google/api/grpc/proto-google-iam-v1/0.1.19/proto-google-iam-v1-0.1.19.jar:/Users/steevoli/.m2/repository/com/google/cloud/google-cloud-core-http/1.6.0/google-cloud-core-http-1.6.0.jar:/Users/steevoli/.m2/repository/com/google/auth/google-auth-library-credentials/0.8.0/google-auth-library-credentials-0.8.0.jar:/Users/steevoli/.m2/repository/com/google/auth/google-auth-library-oauth2-http/0.8.0/google-auth-library-oauth2-http-0.8.0.jar:/Users/steevoli/.m2/repository/com/google/oauth-client/google-oauth-client/1.22.0/google-oauth-client-1.22.0.jar:/Users/steevoli/.m2/repository/com/google/api-client/google-api-client/1.22.0/google-api-client-1.22.0.jar:/Users/steevoli/.m2/repository/com/google/http-client/google-http-client-appengine/1.22.0/google-http-client-appengine-1.22.0.jar:/Users/steevoli/.m2/repository/com/google/http-client/google-http-client-jackson/1.22.0/google-http-client-jackson-1.22.0.jar:/Users/steevoli/.m2/repository/org/codehaus/jackson/jackson-core-asl/1.9.11/jackson-core-asl-1.9.11.jar:/Users/steevoli/.m2/repository/com/google/http-client/google-http-client-jackson2/1.22.0/google-http-client-jackson2-1.22.0.jar:/Users/steevoli/.m2/repository/com/google/cloud/datastore/datastore-v1-protos/1.3.0/datastore-v1-protos-1.3.0.jar:/Users/steevoli/.m2/repository/com/google/protobuf/protobuf-java/3.0.0/protobuf-java-3.0.0.jar:/Users/steevoli/.m2/repository/com/google/cloud/datastore/datastore-v1-proto-client/1.3.0/datastore-v1-proto-client-1.3.0.jar:/Users/steevoli/.m2/repository/com/google/http-client/google-http-client-protobuf/1.20.0/google-http-client-protobuf-1.20.0.jar:/Users/steevoli/.m2/repository/com/google/api/grpc/grpc-google-common-protos/0.1.19/grpc-google-common-protos-0.1.19.jar:/Users/steevoli/.m2/repository/io/grpc/grpc-stub/1.6.1/grpc-stub-1.6.1.jar:/Users/steevoli/.m2/repository/io/grpc/grpc-core/1.6.1/grpc-core-1.6.1.jar:/Users/steevoli/.m2/repository/io/grpc/grpc-context/1.6.1/grpc-context-1.6.1.jar:/Users/steevoli/.m2/repository/com/google/errorprone/error_prone_annotations/2.0.19/error_prone_annotations-2.0.19.jar:/Users/steevoli/.m2/repository/com/google/instrumentation/instrumentation-api/0.4.3/instrumentation-api-0.4.3.jar:/Users/steevoli/.m2/repository/io/opencensus/opencensus-api/0.5.1/opencensus-api-0.5.1.jar:/Users/steevoli/.m2/repository/io/grpc/grpc-protobuf/1.6.1/grpc-protobuf-1.6.1.jar:/Users/steevoli/.m2/repository/io/grpc/grpc-protobuf-lite/1.6.1/grpc-protobuf-lite-1.6.1.jar:"/>
    <property name="sun.cpu.endian" value="little"/>
    <property name="user.home" value="/Users/steevoli"/>
    <property name="user.language" value="en"/>
    <property name="java.specification.vendor" value="Oracle Corporation"/>
    <property name="java.version.date" value="2022-01-18"/>
    <property name="java.home" value="/usr/local/Cellar/openjdk/17.0.2/libexec/openjdk.jdk/Contents/Home"/>
    <property name="file.separator" value="/"/>
    <property name="basedir" value="/Users/steevoli/Desktop/homework-3-Lopezs20"/>
    <property name="java.vm.compressedOopsMode" value="Zero based"/>
    <property name="line.separator" value="&#10;"/>
    <property name="java.specification.name" value="Java Platform API Specification"/>
    <property name="java.vm.specification.vendor" value="Oracle Corporation"/>
    <property name="surefire.real.class.path" value="/Users/steevoli/Desktop/homework-3-Lopezs20/target/surefire/surefirebooter6609046520418265204.jar"/>
    <property name="sun.management.compiler" value="HotSpot 64-Bit Tiered Compilers"/>
    <property name="ftp.nonProxyHosts" value="local|*.local|169.254/16|*.169.254/16"/>
    <property name="java.runtime.version" value="17.0.2+0"/>
    <property name="user.name" value="steevoli"/>
    <property name="path.separator" value=":"/>
    <property name="os.version" value="12.1"/>
    <property name="java.runtime.name" value="OpenJDK Runtime Environment"/>
    <property name="file.encoding" value="UTF-8"/>
    <property name="java.vm.name" value="OpenJDK 64-Bit Server VM"/>
    <property name="java.vendor.version" value="Homebrew"/>
    <property name="localRepository" value="/Users/steevoli/.m2/repository"/>
    <property name="java.vendor.url.bug" value="https://github.com/Homebrew/homebrew-core/issues"/>
    <property name="java.io.tmpdir" value="/var/folders/3v/n5x2yxhx0r56xj8wlqcymt280000gn/T/"/>
    <property name="java.version" value="17.0.2"/>
    <property name="user.dir" value="/Users/steevoli/Desktop/homework-3-Lopezs20"/>
    <property name="os.arch" value="x86_64"/>
    <property name="java.vm.specification.name" value="Java Virtual Machine Specification"/>
    <property name="native.encoding" value="UTF-8"/>
    <property name="java.library.path" value="/Users/steevoli/Library/Java/Extensions:/Library/Java/Extensions:/Network/Library/Java/Extensions:/System/Library/Java/Extensions:/usr/lib/java:."/>
    <property name="java.vm.info" value="mixed mode, sharing"/>
    <property name="java.vendor" value="Homebrew"/>
    <property name="java.vm.version" value="17.0.2+0"/>
    <property name="sun.io.unicode.encoding" value="UnicodeBig"/>
    <property name="socksNonProxyHosts" value="local|*.local|169.254/16|*.169.254/16"/>
    <property name="java.class.version" value="61.0"/>
  </properties>
  <testcase name="contextLoads" classname="edu.ecu.cs.seng6285.restfulbots.RestfulBotsApplicationTests" time="0.449"/>
</testsuite>